# JRE version: Java(TM) SE Runtime Environment (8.0_201-b09) (build 1.8.0_201-b09)
# Java VM: Java HotSpot(TM) 64-Bit Server VM (25.201-b09 mixed mode windows-amd64 compressed oops)
Heap:
 PSYoungGen      total 411648K, used 273886K [0x000000076b580000, 0x0000000787680000, 0x00000007c0000000)
  eden space 380928K, 71% used [0x000000076b580000,0x000000077bfe5f60,0x0000000782980000)
  from space 30720K, 3% used [0x0000000784480000,0x0000000784591960,0x0000000786280000)
  to   space 27648K, 0% used [0x0000000782980000,0x0000000782980000,0x0000000784480000)
 ParOldGen       total 230400K, used 76718K [0x00000006c2000000, 0x00000006d0100000, 0x000000076b580000)
  object space 230400K, 33% used [0x00000006c2000000,0x00000006c6aebbf0,0x00000006d0100000)
 Metaspace       used 36835K, capacity 38884K, committed 39128K, reserved 1083392K
  class space    used 4921K, capacity 5309K, committed 5376K, reserved 1048576K
GC Heap History (10 events):
Event: 37.358 GC heap before
{Heap before GC invocations=24 (full 2):
 PSYoungGen      total 404992K, used 371264K [0x000000076b580000, 0x0000000786280000, 0x00000007c0000000)
  eden space 370688K, 100% used [0x000000076b580000,0x0000000781f80000,0x0000000781f80000)
  from space 34304K, 1% used [0x0000000781f80000,0x0000000782010000,0x0000000784100000)
  to   space 30720K, 0% used [0x0000000784480000,0x0000000784480000,0x0000000786280000)
 ParOldGen       total 230400K, used 76214K [0x00000006c2000000, 0x00000006d0100000, 0x000000076b580000)
  object space 230400K, 33% used [0x00000006c2000000,0x00000006c6a6dbf0,0x00000006d0100000)
 Metaspace       used 36378K, capacity 38410K, committed 38616K, reserved 1083392K
  class space    used 4908K, capacity 5302K, committed 5376K, reserved 1048576K
Event: 37.362 GC heap after
Heap after GC invocations=24 (full 2):
 PSYoungGen      total 401408K, used 672K [0x000000076b580000, 0x0000000786280000, 0x00000007c0000000)
  eden space 370688K, 0% used [0x000000076b580000,0x000000076b580000,0x0000000781f80000)
  from space 30720K, 2% used [0x0000000784480000,0x0000000784528000,0x0000000786280000)
  to   space 34304K, 0% used [0x0000000781f80000,0x0000000781f80000,0x0000000784100000)
 ParOldGen       total 230400K, used 76694K [0x00000006c2000000, 0x00000006d0100000, 0x000000076b580000)
  object space 230400K, 33% used [0x00000006c2000000,0x00000006c6ae5bf0,0x00000006d0100000)
 Metaspace       used 36378K, capacity 38410K, committed 38616K, reserved 1083392K
  class space    used 4908K, capacity 5302K, committed 5376K, reserved 1048576K
}
Event: 38.611 GC heap before
{Heap before GC invocations=25 (full 2):
 PSYoungGen      total 401408K, used 371360K [0x000000076b580000, 0x0000000786280000, 0x00000007c0000000)
  eden space 370688K, 100% used [0x000000076b580000,0x0000000781f80000,0x0000000781f80000)
  from space 30720K, 2% used [0x0000000784480000,0x0000000784528000,0x0000000786280000)
  to   space 34304K, 0% used [0x0000000781f80000,0x0000000781f80000,0x0000000784100000)
 ParOldGen       total 230400K, used 76694K [0x00000006c2000000, 0x00000006d0100000, 0x000000076b580000)
  object space 230400K, 33% used [0x00000006c2000000,0x00000006c6ae5bf0,0x00000006d0100000)
 Metaspace       used 36393K, capacity 38410K, committed 38616K, reserved 1083392K
  class space    used 4908K, capacity 5302K, committed 5376K, reserved 1048576K
Event: 38.618 GC heap after
Heap after GC invocations=25 (full 2):
 PSYoungGen      total 404992K, used 2336K [0x000000076b580000, 0x0000000786280000, 0x00000007c0000000)
  eden space 370688K, 0% used [0x000000076b580000,0x000000076b580000,0x0000000781f80000)
  from space 34304K, 6% used [0x0000000781f80000,0x00000007821c8000,0x0000000784100000)
  to   space 30720K, 0% used [0x0000000784480000,0x0000000784480000,0x0000000786280000)
 ParOldGen       total 230400K, used 76702K [0x00000006c2000000, 0x00000006d0100000, 0x000000076b580000)
  object space 230400K, 33% used [0x00000006c2000000,0x00000006c6ae7bf0,0x00000006d0100000)
 Metaspace       used 36393K, capacity 38410K, committed 38616K, reserved 1083392K
  class space    used 4908K, capacity 5302K, committed 5376K, reserved 1048576K
}
Event: 45.540 GC heap before
{Heap before GC invocations=26 (full 2):
 PSYoungGen      total 404992K, used 373024K [0x000000076b580000, 0x0000000786280000, 0x00000007c0000000)
  eden space 370688K, 100% used [0x000000076b580000,0x0000000781f80000,0x0000000781f80000)
  from space 34304K, 6% used [0x0000000781f80000,0x00000007821c8000,0x0000000784100000)
  to   space 30720K, 0% used [0x0000000784480000,0x0000000784480000,0x0000000786280000)
 ParOldGen       total 230400K, used 76702K [0x00000006c2000000, 0x00000006d0100000, 0x000000076b580000)
  object space 230400K, 33% used [0x00000006c2000000,0x00000006c6ae7bf0,0x00000006d0100000)
 Metaspace       used 36416K, capacity 38474K, committed 38616K, reserved 1083392K
  class space    used 4908K, capacity 5302K, committed 5376K, reserved 1048576K
Event: 45.543 GC heap after
Heap after GC invocations=26 (full 2):
 PSYoungGen      total 401408K, used 608K [0x000000076b580000, 0x0000000786280000, 0x00000007c0000000)
  eden space 370688K, 0% used [0x000000076b580000,0x000000076b580000,0x0000000781f80000)
  from space 30720K, 1% used [0x0000000784480000,0x0000000784518000,0x0000000786280000)
  to   space 34304K, 0% used [0x0000000781f80000,0x0000000781f80000,0x0000000784100000)
 ParOldGen       total 230400K, used 76710K [0x00000006c2000000, 0x00000006d0100000, 0x000000076b580000)
  object space 230400K, 33% used [0x00000006c2000000,0x00000006c6ae9bf0,0x00000006d0100000)
 Metaspace       used 36416K, capacity 38474K, committed 38616K, reserved 1083392K
  class space    used 4908K, capacity 5302K, committed 5376K, reserved 1048576K
}
Event: 65.799 GC heap before
{Heap before GC invocations=27 (full 2):
 PSYoungGen      total 401408K, used 371296K [0x000000076b580000, 0x0000000786280000, 0x00000007c0000000)
  eden space 370688K, 100% used [0x000000076b580000,0x0000000781f80000,0x0000000781f80000)
  from space 30720K, 1% used [0x0000000784480000,0x0000000784518000,0x0000000786280000)
  to   space 34304K, 0% used [0x0000000781f80000,0x0000000781f80000,0x0000000784100000)
 ParOldGen       total 230400K, used 76710K [0x00000006c2000000, 0x00000006d0100000, 0x000000076b580000)
  object space 230400K, 33% used [0x00000006c2000000,0x00000006c6ae9bf0,0x00000006d0100000)
 Metaspace       used 36822K, capacity 38884K, committed 39128K, reserved 1083392K
  class space    used 4921K, capacity 5309K, committed 5376K, reserved 1048576K
Event: 65.802 GC heap after
Heap after GC invocations=27 (full 2):
 PSYoungGen      total 404992K, used 1109K [0x000000076b580000, 0x0000000786280000, 0x00000007c0000000)
  eden space 370688K, 0% used [0x000000076b580000,0x000000076b580000,0x0000000781f80000)
  from space 34304K, 3% used [0x0000000781f80000,0x0000000782095480,0x0000000784100000)
  to   space 30720K, 0% used [0x0000000784480000,0x0000000784480000,0x0000000786280000)
 ParOldGen       total 230400K, used 76718K [0x00000006c2000000, 0x00000006d0100000, 0x000000076b580000)
  object space 230400K, 33% used [0x00000006c2000000,0x00000006c6aebbf0,0x00000006d0100000)
 Metaspace       used 36822K, capacity 38884K, committed 39128K, reserved 1083392K
  class space    used 4921K, capacity 5309K, committed 5376K, reserved 1048576K
}
Event: 66.239 GC heap before
{Heap before GC invocations=28 (full 2):
 PSYoungGen      total 404992K, used 371797K [0x000000076b580000, 0x0000000786280000, 0x00000007c0000000)
  eden space 370688K, 100% used [0x000000076b580000,0x0000000781f80000,0x0000000781f80000)
  from space 34304K, 3% used [0x0000000781f80000,0x0000000782095480,0x0000000784100000)
  to   space 30720K, 0% used [0x0000000784480000,0x0000000784480000,0x0000000786280000)
 ParOldGen       total 230400K, used 76718K [0x00000006c2000000, 0x00000006d0100000, 0x000000076b580000)
  object space 230400K, 33% used [0x00000006c2000000,0x00000006c6aebbf0,0x00000006d0100000)
 Metaspace       used 36822K, capacity 38884K, committed 39128K, reserved 1083392K
  class space    used 4921K, capacity 5309K, committed 5376K, reserved 1048576K
Event: 66.241 GC heap after
Heap after GC invocations=28 (full 2):
 PSYoungGen      total 411648K, used 1094K [0x000000076b580000, 0x0000000787680000, 0x00000007c0000000)
  eden space 380928K, 0% used [0x000000076b580000,0x000000076b580000,0x0000000782980000)
  from space 30720K, 3% used [0x0000000784480000,0x0000000784591960,0x0000000786280000)
  to   space 27648K, 0% used [0x0000000782980000,0x0000000782980000,0x0000000784480000)
 ParOldGen       total 230400K, used 76718K [0x00000006c2000000, 0x00000006d0100000, 0x000000076b580000)
  object space 230400K, 33% used [0x00000006c2000000,0x00000006c6aebbf0,0x00000006d0100000)
 Metaspace       used 36822K, capacity 38884K, committed 39128K, reserved 1083392K
  class space    used 4921K, capacity 5309K, committed 5376K, reserved 1048576K
}

