# JRE version: Java(TM) SE Runtime Environment (8.0_201-b09) (build 1.8.0_201-b09)
# Java VM: Java HotSpot(TM) 64-Bit Server VM (25.201-b09 mixed mode windows-amd64 compressed oops)
Heap:
 PSYoungGen      total 912384K, used 676609K [0x000000076b580000, 0x00000007a6b00000, 0x00000007c0000000)
  eden space 882176K, 75% used [0x000000076b580000,0x0000000794174fe0,0x00000007a1300000)
  from space 30208K, 29% used [0x00000007a4d80000,0x00000007a564b430,0x00000007a6b00000)
  to   space 45056K, 0% used [0x00000007a1300000,0x00000007a1300000,0x00000007a3f00000)
 ParOldGen       total 249344K, used 118065K [0x00000006c2000000, 0x00000006d1380000, 0x000000076b580000)
  object space 249344K, 47% used [0x00000006c2000000,0x00000006c934c6b8,0x00000006d1380000)
 Metaspace       used 32994K, capacity 34970K, committed 35200K, reserved 1079296K
  class space    used 4332K, capacity 4686K, committed 4736K, reserved 1048576K
GC Heap History (10 events):
Event: 165.964 GC heap before
{Heap before GC invocations=22 (full 2):
 PSYoungGen      total 730624K, used 672389K [0x000000076b580000, 0x000000079ba80000, 0x00000007c0000000)
  eden space 669696K, 100% used [0x000000076b580000,0x0000000794380000,0x0000000794380000)
  from space 60928K, 4% used [0x0000000794380000,0x0000000794621798,0x0000000797f00000)
  to   space 56832K, 0% used [0x0000000798300000,0x0000000798300000,0x000000079ba80000)
 ParOldGen       total 249344K, used 103208K [0x00000006c2000000, 0x00000006d1380000, 0x000000076b580000)
  object space 249344K, 41% used [0x00000006c2000000,0x00000006c84ca278,0x00000006d1380000)
 Metaspace       used 32805K, capacity 34712K, committed 34944K, reserved 1079296K
  class space    used 4323K, capacity 4685K, committed 4736K, reserved 1048576K
Event: 165.969 GC heap after
Heap after GC invocations=22 (full 2):
 PSYoungGen      total 726528K, used 1733K [0x000000076b580000, 0x000000079ba80000, 0x00000007c0000000)
  eden space 669696K, 0% used [0x000000076b580000,0x000000076b580000,0x0000000794380000)
  from space 56832K, 3% used [0x0000000798300000,0x00000007984b1570,0x000000079ba80000)
  to   space 60928K, 0% used [0x0000000794380000,0x0000000794380000,0x0000000797f00000)
 ParOldGen       total 249344K, used 106222K [0x00000006c2000000, 0x00000006d1380000, 0x000000076b580000)
  object space 249344K, 42% used [0x00000006c2000000,0x00000006c87bba30,0x00000006d1380000)
 Metaspace       used 32805K, capacity 34712K, committed 34944K, reserved 1079296K
  class space    used 4323K, capacity 4685K, committed 4736K, reserved 1048576K
}
Event: 169.334 GC heap before
{Heap before GC invocations=23 (full 2):
 PSYoungGen      total 726528K, used 671429K [0x000000076b580000, 0x000000079ba80000, 0x00000007c0000000)
  eden space 669696K, 100% used [0x000000076b580000,0x0000000794380000,0x0000000794380000)
  from space 56832K, 3% used [0x0000000798300000,0x00000007984b1570,0x000000079ba80000)
  to   space 60928K, 0% used [0x0000000794380000,0x0000000794380000,0x0000000797f00000)
 ParOldGen       total 249344K, used 106222K [0x00000006c2000000, 0x00000006d1380000, 0x000000076b580000)
  object space 249344K, 42% used [0x00000006c2000000,0x00000006c87bba30,0x00000006d1380000)
 Metaspace       used 32848K, capacity 34776K, committed 34944K, reserved 1079296K
  class space    used 4323K, capacity 4685K, committed 4736K, reserved 1048576K
Event: 169.336 GC heap after
Heap after GC invocations=23 (full 2):
 PSYoungGen      total 730624K, used 544K [0x000000076b580000, 0x000000079ba80000, 0x00000007c0000000)
  eden space 669696K, 0% used [0x000000076b580000,0x000000076b580000,0x0000000794380000)
  from space 60928K, 0% used [0x0000000794380000,0x0000000794408010,0x0000000797f00000)
  to   space 56832K, 0% used [0x0000000798300000,0x0000000798300000,0x000000079ba80000)
 ParOldGen       total 249344K, used 107766K [0x00000006c2000000, 0x00000006d1380000, 0x000000076b580000)
  object space 249344K, 43% used [0x00000006c2000000,0x00000006c893d868,0x00000006d1380000)
 Metaspace       used 32848K, capacity 34776K, committed 34944K, reserved 1079296K
  class space    used 4323K, capacity 4685K, committed 4736K, reserved 1048576K
}
Event: 170.870 GC heap before
{Heap before GC invocations=24 (full 2):
 PSYoungGen      total 730624K, used 670240K [0x000000076b580000, 0x000000079ba80000, 0x00000007c0000000)
  eden space 669696K, 100% used [0x000000076b580000,0x0000000794380000,0x0000000794380000)
  from space 60928K, 0% used [0x0000000794380000,0x0000000794408010,0x0000000797f00000)
  to   space 56832K, 0% used [0x0000000798300000,0x0000000798300000,0x000000079ba80000)
 ParOldGen       total 249344K, used 107766K [0x00000006c2000000, 0x00000006d1380000, 0x000000076b580000)
  object space 249344K, 43% used [0x00000006c2000000,0x00000006c893d868,0x00000006d1380000)
 Metaspace       used 32852K, capacity 34776K, committed 34944K, reserved 1079296K
  class space    used 4323K, capacity 4685K, committed 4736K, reserved 1048576K
Event: 170.873 GC heap after
Heap after GC invocations=24 (full 2):
 PSYoungGen      total 726528K, used 5216K [0x000000076b580000, 0x000000079ba80000, 0x00000007c0000000)
  eden space 669696K, 0% used [0x000000076b580000,0x000000076b580000,0x0000000794380000)
  from space 56832K, 9% used [0x0000000798300000,0x0000000798818120,0x000000079ba80000)
  to   space 60928K, 0% used [0x0000000794380000,0x0000000794380000,0x0000000797f00000)
 ParOldGen       total 249344K, used 108093K [0x00000006c2000000, 0x00000006d1380000, 0x000000076b580000)
  object space 249344K, 43% used [0x00000006c2000000,0x00000006c898f490,0x00000006d1380000)
 Metaspace       used 32852K, capacity 34776K, committed 34944K, reserved 1079296K
  class space    used 4323K, capacity 4685K, committed 4736K, reserved 1048576K
}
Event: 175.260 GC heap before
{Heap before GC invocations=25 (full 2):
 PSYoungGen      total 726528K, used 674912K [0x000000076b580000, 0x000000079ba80000, 0x00000007c0000000)
  eden space 669696K, 100% used [0x000000076b580000,0x0000000794380000,0x0000000794380000)
  from space 56832K, 9% used [0x0000000798300000,0x0000000798818120,0x000000079ba80000)
  to   space 60928K, 0% used [0x0000000794380000,0x0000000794380000,0x0000000797f00000)
 ParOldGen       total 249344K, used 108093K [0x00000006c2000000, 0x00000006d1380000, 0x000000076b580000)
  object space 249344K, 43% used [0x00000006c2000000,0x00000006c898f490,0x00000006d1380000)
 Metaspace       used 32906K, capacity 34776K, committed 34944K, reserved 1079296K
  class space    used 4324K, capacity 4685K, committed 4736K, reserved 1048576K
Event: 175.264 GC heap after
Heap after GC invocations=25 (full 2):
 PSYoungGen      total 730624K, used 4576K [0x000000076b580000, 0x00000007a7d00000, 0x00000007c0000000)
  eden space 669696K, 0% used [0x000000076b580000,0x000000076b580000,0x0000000794380000)
  from space 60928K, 7% used [0x0000000794380000,0x00000007947f8100,0x0000000797f00000)
  to   space 48640K, 0% used [0x00000007a4d80000,0x00000007a4d80000,0x00000007a7d00000)
 ParOldGen       total 249344K, used 112720K [0x00000006c2000000, 0x00000006d1380000, 0x000000076b580000)
  object space 249344K, 45% used [0x00000006c2000000,0x00000006c8e14168,0x00000006d1380000)
 Metaspace       used 32906K, capacity 34776K, committed 34944K, reserved 1079296K
  class space    used 4324K, capacity 4685K, committed 4736K, reserved 1048576K
}
Event: 178.749 GC heap before
{Heap before GC invocations=26 (full 2):
 PSYoungGen      total 730624K, used 674272K [0x000000076b580000, 0x00000007a7d00000, 0x00000007c0000000)
  eden space 669696K, 100% used [0x000000076b580000,0x0000000794380000,0x0000000794380000)
  from space 60928K, 7% used [0x0000000794380000,0x00000007947f8100,0x0000000797f00000)
  to   space 48640K, 0% used [0x00000007a4d80000,0x00000007a4d80000,0x00000007a7d00000)
 ParOldGen       total 249344K, used 112720K [0x00000006c2000000, 0x00000006d1380000, 0x000000076b580000)
  object space 249344K, 45% used [0x00000006c2000000,0x00000006c8e14168,0x00000006d1380000)
 Metaspace       used 32930K, capacity 34840K, committed 34944K, reserved 1079296K
  class space    used 4324K, capacity 4685K, committed 4736K, reserved 1048576K
Event: 178.754 GC heap after
Heap after GC invocations=26 (full 2):
 PSYoungGen      total 912384K, used 9005K [0x000000076b580000, 0x00000007a6b00000, 0x00000007c0000000)
  eden space 882176K, 0% used [0x000000076b580000,0x000000076b580000,0x00000007a1300000)
  from space 30208K, 29% used [0x00000007a4d80000,0x00000007a564b430,0x00000007a6b00000)
  to   space 45056K, 0% used [0x00000007a1300000,0x00000007a1300000,0x00000007a3f00000)
 ParOldGen       total 249344K, used 118065K [0x00000006c2000000, 0x00000006d1380000, 0x000000076b580000)
  object space 249344K, 47% used [0x00000006c2000000,0x00000006c934c6b8,0x00000006d1380000)
 Metaspace       used 32930K, capacity 34840K, committed 34944K, reserved 1079296K
  class space    used 4324K, capacity 4685K, committed 4736K, reserved 1048576K
}

