# JRE version: Java(TM) SE Runtime Environment (8.0_201-b09) (build 1.8.0_201-b09)
# Java VM: Java HotSpot(TM) 64-Bit Server VM (25.201-b09 mixed mode windows-amd64 compressed oops)
Heap:
 PSYoungGen      total 920576K, used 62652K [0x000000076b580000, 0x00000007a6500000, 0x00000007c0000000)
  eden space 872960K, 5% used [0x000000076b580000,0x000000076e43f140,0x00000007a0a00000)
  from space 47616K, 31% used [0x00000007a3480000,0x00000007a42efec0,0x00000007a6300000)
  to   space 43520K, 0% used [0x00000007a0a00000,0x00000007a0a00000,0x00000007a3480000)
 ParOldGen       total 270336K, used 103383K [0x00000006c2000000, 0x00000006d2800000, 0x000000076b580000)
  object space 270336K, 38% used [0x00000006c2000000,0x00000006c84f5fe0,0x00000006d2800000)
 Metaspace       used 32796K, capacity 34784K, committed 34944K, reserved 1079296K
  class space    used 4343K, capacity 4687K, committed 4736K, reserved 1048576K
GC Heap History (10 events):
Event: 131.737 GC heap before
{Heap before GC invocations=26 (full 2):
 PSYoungGen      total 916480K, used 883281K [0x000000076b580000, 0x00000007a6500000, 0x00000007c0000000)
  eden space 872960K, 100% used [0x000000076b580000,0x00000007a0a00000,0x00000007a0a00000)
  from space 43520K, 23% used [0x00000007a0a00000,0x00000007a1414640,0x00000007a3480000)
  to   space 47616K, 0% used [0x00000007a3480000,0x00000007a3480000,0x00000007a6300000)
 ParOldGen       total 270336K, used 103359K [0x00000006c2000000, 0x00000006d2800000, 0x000000076b580000)
  object space 270336K, 38% used [0x00000006c2000000,0x00000006c84effe0,0x00000006d2800000)
 Metaspace       used 32658K, capacity 34650K, committed 34944K, reserved 1079296K
  class space    used 4338K, capacity 4686K, committed 4736K, reserved 1048576K
Event: 131.742 GC heap after
Heap after GC invocations=26 (full 2):
 PSYoungGen      total 920576K, used 11683K [0x000000076b580000, 0x00000007a6500000, 0x00000007c0000000)
  eden space 872960K, 0% used [0x000000076b580000,0x000000076b580000,0x00000007a0a00000)
  from space 47616K, 24% used [0x00000007a3480000,0x00000007a3fe8cc0,0x00000007a6300000)
  to   space 43520K, 0% used [0x00000007a0a00000,0x00000007a0a00000,0x00000007a3480000)
 ParOldGen       total 270336K, used 103367K [0x00000006c2000000, 0x00000006d2800000, 0x000000076b580000)
  object space 270336K, 38% used [0x00000006c2000000,0x00000006c84f1fe0,0x00000006d2800000)
 Metaspace       used 32658K, capacity 34650K, committed 34944K, reserved 1079296K
  class space    used 4338K, capacity 4686K, committed 4736K, reserved 1048576K
}
Event: 132.734 GC heap before
{Heap before GC invocations=27 (full 2):
 PSYoungGen      total 920576K, used 884643K [0x000000076b580000, 0x00000007a6500000, 0x00000007c0000000)
  eden space 872960K, 100% used [0x000000076b580000,0x00000007a0a00000,0x00000007a0a00000)
  from space 47616K, 24% used [0x00000007a3480000,0x00000007a3fe8cc0,0x00000007a6300000)
  to   space 43520K, 0% used [0x00000007a0a00000,0x00000007a0a00000,0x00000007a3480000)
 ParOldGen       total 270336K, used 103367K [0x00000006c2000000, 0x00000006d2800000, 0x000000076b580000)
  object space 270336K, 38% used [0x00000006c2000000,0x00000006c84f1fe0,0x00000006d2800000)
 Metaspace       used 32695K, capacity 34650K, committed 34944K, reserved 1079296K
  class space    used 4338K, capacity 4686K, committed 4736K, reserved 1048576K
Event: 132.737 GC heap after
Heap after GC invocations=27 (full 2):
 PSYoungGen      total 916480K, used 11649K [0x000000076b580000, 0x00000007a6500000, 0x00000007c0000000)
  eden space 872960K, 0% used [0x000000076b580000,0x000000076b580000,0x00000007a0a00000)
  from space 43520K, 26% used [0x00000007a0a00000,0x00000007a1560790,0x00000007a3480000)
  to   space 47616K, 0% used [0x00000007a3480000,0x00000007a3480000,0x00000007a6300000)
 ParOldGen       total 270336K, used 103375K [0x00000006c2000000, 0x00000006d2800000, 0x000000076b580000)
  object space 270336K, 38% used [0x00000006c2000000,0x00000006c84f3fe0,0x00000006d2800000)
 Metaspace       used 32695K, capacity 34650K, committed 34944K, reserved 1079296K
  class space    used 4338K, capacity 4686K, committed 4736K, reserved 1048576K
}
Event: 151.288 GC heap before
{Heap before GC invocations=28 (full 2):
 PSYoungGen      total 916480K, used 884609K [0x000000076b580000, 0x00000007a6500000, 0x00000007c0000000)
  eden space 872960K, 100% used [0x000000076b580000,0x00000007a0a00000,0x00000007a0a00000)
  from space 43520K, 26% used [0x00000007a0a00000,0x00000007a1560790,0x00000007a3480000)
  to   space 47616K, 0% used [0x00000007a3480000,0x00000007a3480000,0x00000007a6300000)
 ParOldGen       total 270336K, used 103375K [0x00000006c2000000, 0x00000006d2800000, 0x000000076b580000)
  object space 270336K, 38% used [0x00000006c2000000,0x00000006c84f3fe0,0x00000006d2800000)
 Metaspace       used 32769K, capacity 34720K, committed 34944K, reserved 1079296K
  class space    used 4343K, capacity 4687K, committed 4736K, reserved 1048576K
Event: 151.294 GC heap after
Heap after GC invocations=28 (full 2):
 PSYoungGen      total 920576K, used 11398K [0x000000076b580000, 0x00000007a6500000, 0x00000007c0000000)
  eden space 872960K, 0% used [0x000000076b580000,0x000000076b580000,0x00000007a0a00000)
  from space 47616K, 23% used [0x00000007a3480000,0x00000007a3fa19c0,0x00000007a6300000)
  to   space 43520K, 0% used [0x00000007a0a00000,0x00000007a0a00000,0x00000007a3480000)
 ParOldGen       total 270336K, used 103375K [0x00000006c2000000, 0x00000006d2800000, 0x000000076b580000)
  object space 270336K, 38% used [0x00000006c2000000,0x00000006c84f3fe0,0x00000006d2800000)
 Metaspace       used 32769K, capacity 34720K, committed 34944K, reserved 1079296K
  class space    used 4343K, capacity 4687K, committed 4736K, reserved 1048576K
}
Event: 152.589 GC heap before
{Heap before GC invocations=29 (full 2):
 PSYoungGen      total 920576K, used 884358K [0x000000076b580000, 0x00000007a6500000, 0x00000007c0000000)
  eden space 872960K, 100% used [0x000000076b580000,0x00000007a0a00000,0x00000007a0a00000)
  from space 47616K, 23% used [0x00000007a3480000,0x00000007a3fa19c0,0x00000007a6300000)
  to   space 43520K, 0% used [0x00000007a0a00000,0x00000007a0a00000,0x00000007a3480000)
 ParOldGen       total 270336K, used 103375K [0x00000006c2000000, 0x00000006d2800000, 0x000000076b580000)
  object space 270336K, 38% used [0x00000006c2000000,0x00000006c84f3fe0,0x00000006d2800000)
 Metaspace       used 32793K, capacity 34720K, committed 34944K, reserved 1079296K
  class space    used 4343K, capacity 4687K, committed 4736K, reserved 1048576K
Event: 152.592 GC heap after
Heap after GC invocations=29 (full 2):
 PSYoungGen      total 916480K, used 13684K [0x000000076b580000, 0x00000007a6500000, 0x00000007c0000000)
  eden space 872960K, 0% used [0x000000076b580000,0x000000076b580000,0x00000007a0a00000)
  from space 43520K, 31% used [0x00000007a0a00000,0x00000007a175d050,0x00000007a3480000)
  to   space 47616K, 0% used [0x00000007a3480000,0x00000007a3480000,0x00000007a6300000)
 ParOldGen       total 270336K, used 103383K [0x00000006c2000000, 0x00000006d2800000, 0x000000076b580000)
  object space 270336K, 38% used [0x00000006c2000000,0x00000006c84f5fe0,0x00000006d2800000)
 Metaspace       used 32793K, capacity 34720K, committed 34944K, reserved 1079296K
  class space    used 4343K, capacity 4687K, committed 4736K, reserved 1048576K
}
Event: 153.701 GC heap before
{Heap before GC invocations=30 (full 2):
 PSYoungGen      total 916480K, used 886644K [0x000000076b580000, 0x00000007a6500000, 0x00000007c0000000)
  eden space 872960K, 100% used [0x000000076b580000,0x00000007a0a00000,0x00000007a0a00000)
  from space 43520K, 31% used [0x00000007a0a00000,0x00000007a175d050,0x00000007a3480000)
  to   space 47616K, 0% used [0x00000007a3480000,0x00000007a3480000,0x00000007a6300000)
 ParOldGen       total 270336K, used 103383K [0x00000006c2000000, 0x00000006d2800000, 0x000000076b580000)
  object space 270336K, 38% used [0x00000006c2000000,0x00000006c84f5fe0,0x00000006d2800000)
 Metaspace       used 32796K, capacity 34784K, committed 34944K, reserved 1079296K
  class space    used 4343K, capacity 4687K, committed 4736K, reserved 1048576K
Event: 153.705 GC heap after
Heap after GC invocations=30 (full 2):
 PSYoungGen      total 920576K, used 14783K [0x000000076b580000, 0x00000007a6500000, 0x00000007c0000000)
  eden space 872960K, 0% used [0x000000076b580000,0x000000076b580000,0x00000007a0a00000)
  from space 47616K, 31% used [0x00000007a3480000,0x00000007a42efec0,0x00000007a6300000)
  to   space 43520K, 0% used [0x00000007a0a00000,0x00000007a0a00000,0x00000007a3480000)
 ParOldGen       total 270336K, used 103383K [0x00000006c2000000, 0x00000006d2800000, 0x000000076b580000)
  object space 270336K, 38% used [0x00000006c2000000,0x00000006c84f5fe0,0x00000006d2800000)
 Metaspace       used 32796K, capacity 34784K, committed 34944K, reserved 1079296K
  class space    used 4343K, capacity 4687K, committed 4736K, reserved 1048576K
}

