# JRE version: Java(TM) SE Runtime Environment (8.0_201-b09) (build 1.8.0_201-b09)
# Java VM: Java HotSpot(TM) 64-Bit Server VM (25.201-b09 mixed mode windows-amd64 compressed oops)
Heap:
 PSYoungGen      total 459264K, used 169014K [0x000000076b580000, 0x0000000789e80000, 0x00000007c0000000)
  eden space 416768K, 40% used [0x000000076b580000,0x00000007759e5b00,0x0000000784c80000)
  from space 42496K, 1% used [0x0000000787500000,0x00000007875a8000,0x0000000789e80000)
  to   space 41472K, 0% used [0x0000000784c80000,0x0000000784c80000,0x0000000787500000)
 ParOldGen       total 329216K, used 168687K [0x00000006c2000000, 0x00000006d6180000, 0x000000076b580000)
  object space 329216K, 51% used [0x00000006c2000000,0x00000006cc4bbc50,0x00000006d6180000)
 Metaspace       used 31885K, capacity 33830K, committed 34176K, reserved 1079296K
  class space    used 4298K, capacity 4636K, committed 4736K, reserved 1048576K
GC Heap History (10 events):
Event: 26.965 GC heap before
{Heap before GC invocations=30 (full 2):
 PSYoungGen      total 419840K, used 372832K [0x000000076b580000, 0x000000078a080000, 0x00000007c0000000)
  eden space 372224K, 100% used [0x000000076b580000,0x0000000782100000,0x0000000782100000)
  from space 47616K, 1% used [0x0000000782100000,0x0000000782198000,0x0000000784f80000)
  to   space 44544K, 0% used [0x0000000787500000,0x0000000787500000,0x000000078a080000)
 ParOldGen       total 329216K, used 168676K [0x00000006c2000000, 0x00000006d6180000, 0x000000076b580000)
  object space 329216K, 51% used [0x00000006c2000000,0x00000006cc4b92e8,0x00000006d6180000)
 Metaspace       used 31748K, capacity 33664K, committed 33792K, reserved 1079296K
  class space    used 4279K, capacity 4603K, committed 4608K, reserved 1048576K
Event: 26.967 GC heap after
Heap after GC invocations=30 (full 2):
 PSYoungGen      total 459264K, used 608K [0x000000076b580000, 0x0000000789e80000, 0x00000007c0000000)
  eden space 416768K, 0% used [0x000000076b580000,0x000000076b580000,0x0000000784c80000)
  from space 42496K, 1% used [0x0000000787500000,0x0000000787598000,0x0000000789e80000)
  to   space 41472K, 0% used [0x0000000784c80000,0x0000000784c80000,0x0000000787500000)
 ParOldGen       total 329216K, used 168676K [0x00000006c2000000, 0x00000006d6180000, 0x000000076b580000)
  object space 329216K, 51% used [0x00000006c2000000,0x00000006cc4b92e8,0x00000006d6180000)
 Metaspace       used 31748K, capacity 33664K, committed 33792K, reserved 1079296K
  class space    used 4279K, capacity 4603K, committed 4608K, reserved 1048576K
}
Event: 27.167 GC heap before
{Heap before GC invocations=31 (full 2):
 PSYoungGen      total 459264K, used 417376K [0x000000076b580000, 0x0000000789e80000, 0x00000007c0000000)
  eden space 416768K, 100% used [0x000000076b580000,0x0000000784c80000,0x0000000784c80000)
  from space 42496K, 1% used [0x0000000787500000,0x0000000787598000,0x0000000789e80000)
  to   space 41472K, 0% used [0x0000000784c80000,0x0000000784c80000,0x0000000787500000)
 ParOldGen       total 329216K, used 168676K [0x00000006c2000000, 0x00000006d6180000, 0x000000076b580000)
  object space 329216K, 51% used [0x00000006c2000000,0x00000006cc4b93e8,0x00000006d6180000)
 Metaspace       used 31748K, capacity 33664K, committed 33792K, reserved 1079296K
  class space    used 4279K, capacity 4603K, committed 4608K, reserved 1048576K
Event: 27.168 GC heap after
Heap after GC invocations=31 (full 2):
 PSYoungGen      total 458240K, used 608K [0x000000076b580000, 0x0000000789e80000, 0x00000007c0000000)
  eden space 416768K, 0% used [0x000000076b580000,0x000000076b580000,0x0000000784c80000)
  from space 41472K, 1% used [0x0000000784c80000,0x0000000784d18000,0x0000000787500000)
  to   space 42496K, 0% used [0x0000000787500000,0x0000000787500000,0x0000000789e80000)
 ParOldGen       total 329216K, used 168676K [0x00000006c2000000, 0x00000006d6180000, 0x000000076b580000)
  object space 329216K, 51% used [0x00000006c2000000,0x00000006cc4b93e8,0x00000006d6180000)
 Metaspace       used 31748K, capacity 33664K, committed 33792K, reserved 1079296K
  class space    used 4279K, capacity 4603K, committed 4608K, reserved 1048576K
}
Event: 27.541 GC heap before
{Heap before GC invocations=32 (full 2):
 PSYoungGen      total 458240K, used 417376K [0x000000076b580000, 0x0000000789e80000, 0x00000007c0000000)
  eden space 416768K, 100% used [0x000000076b580000,0x0000000784c80000,0x0000000784c80000)
  from space 41472K, 1% used [0x0000000784c80000,0x0000000784d18000,0x0000000787500000)
  to   space 42496K, 0% used [0x0000000787500000,0x0000000787500000,0x0000000789e80000)
 ParOldGen       total 329216K, used 168687K [0x00000006c2000000, 0x00000006d6180000, 0x000000076b580000)
  object space 329216K, 51% used [0x00000006c2000000,0x00000006cc4bbc50,0x00000006d6180000)
 Metaspace       used 31799K, capacity 33734K, committed 33792K, reserved 1079296K
  class space    used 4281K, capacity 4604K, committed 4608K, reserved 1048576K
Event: 27.543 GC heap after
Heap after GC invocations=32 (full 2):
 PSYoungGen      total 459264K, used 672K [0x000000076b580000, 0x0000000789e80000, 0x00000007c0000000)
  eden space 416768K, 0% used [0x000000076b580000,0x000000076b580000,0x0000000784c80000)
  from space 42496K, 1% used [0x0000000787500000,0x00000007875a8000,0x0000000789e80000)
  to   space 41472K, 0% used [0x0000000784c80000,0x0000000784c80000,0x0000000787500000)
 ParOldGen       total 329216K, used 168687K [0x00000006c2000000, 0x00000006d6180000, 0x000000076b580000)
  object space 329216K, 51% used [0x00000006c2000000,0x00000006cc4bbc50,0x00000006d6180000)
 Metaspace       used 31799K, capacity 33734K, committed 33792K, reserved 1079296K
  class space    used 4281K, capacity 4604K, committed 4608K, reserved 1048576K
}
Event: 28.398 GC heap before
{Heap before GC invocations=33 (full 2):
 PSYoungGen      total 459264K, used 417440K [0x000000076b580000, 0x0000000789e80000, 0x00000007c0000000)
  eden space 416768K, 100% used [0x000000076b580000,0x0000000784c80000,0x0000000784c80000)
  from space 42496K, 1% used [0x0000000787500000,0x00000007875a8000,0x0000000789e80000)
  to   space 41472K, 0% used [0x0000000784c80000,0x0000000784c80000,0x0000000787500000)
 ParOldGen       total 329216K, used 168687K [0x00000006c2000000, 0x00000006d6180000, 0x000000076b580000)
  object space 329216K, 51% used [0x00000006c2000000,0x00000006cc4bbc50,0x00000006d6180000)
 Metaspace       used 31877K, capacity 33830K, committed 34176K, reserved 1079296K
  class space    used 4298K, capacity 4636K, committed 4736K, reserved 1048576K
Event: 28.402 GC heap after
Heap after GC invocations=33 (full 2):
 PSYoungGen      total 458240K, used 672K [0x000000076b580000, 0x0000000789e80000, 0x00000007c0000000)
  eden space 416768K, 0% used [0x000000076b580000,0x000000076b580000,0x0000000784c80000)
  from space 41472K, 1% used [0x0000000784c80000,0x0000000784d28000,0x0000000787500000)
  to   space 42496K, 0% used [0x0000000787500000,0x0000000787500000,0x0000000789e80000)
 ParOldGen       total 329216K, used 168687K [0x00000006c2000000, 0x00000006d6180000, 0x000000076b580000)
  object space 329216K, 51% used [0x00000006c2000000,0x00000006cc4bbc50,0x00000006d6180000)
 Metaspace       used 31877K, capacity 33830K, committed 34176K, reserved 1079296K
  class space    used 4298K, capacity 4636K, committed 4736K, reserved 1048576K
}
Event: 28.886 GC heap before
{Heap before GC invocations=34 (full 2):
 PSYoungGen      total 458240K, used 417440K [0x000000076b580000, 0x0000000789e80000, 0x00000007c0000000)
  eden space 416768K, 100% used [0x000000076b580000,0x0000000784c80000,0x0000000784c80000)
  from space 41472K, 1% used [0x0000000784c80000,0x0000000784d28000,0x0000000787500000)
  to   space 42496K, 0% used [0x0000000787500000,0x0000000787500000,0x0000000789e80000)
 ParOldGen       total 329216K, used 168687K [0x00000006c2000000, 0x00000006d6180000, 0x000000076b580000)
  object space 329216K, 51% used [0x00000006c2000000,0x00000006cc4bbc50,0x00000006d6180000)
 Metaspace       used 31877K, capacity 33830K, committed 34176K, reserved 1079296K
  class space    used 4298K, capacity 4636K, committed 4736K, reserved 1048576K
Event: 28.888 GC heap after
Heap after GC invocations=34 (full 2):
 PSYoungGen      total 459264K, used 672K [0x000000076b580000, 0x0000000789e80000, 0x00000007c0000000)
  eden space 416768K, 0% used [0x000000076b580000,0x000000076b580000,0x0000000784c80000)
  from space 42496K, 1% used [0x0000000787500000,0x00000007875a8000,0x0000000789e80000)
  to   space 41472K, 0% used [0x0000000784c80000,0x0000000784c80000,0x0000000787500000)
 ParOldGen       total 329216K, used 168687K [0x00000006c2000000, 0x00000006d6180000, 0x000000076b580000)
  object space 329216K, 51% used [0x00000006c2000000,0x00000006cc4bbc50,0x00000006d6180000)
 Metaspace       used 31877K, capacity 33830K, committed 34176K, reserved 1079296K
  class space    used 4298K, capacity 4636K, committed 4736K, reserved 1048576K
}

