# JRE version: Java(TM) SE Runtime Environment (8.0_201-b09) (build 1.8.0_201-b09)
# Java VM: Java HotSpot(TM) 64-Bit Server VM (25.201-b09 mixed mode windows-amd64 compressed oops)
Heap:
 PSYoungGen      total 360960K, used 19604K [0x000000076b580000, 0x0000000787980000, 0x00000007c0000000)
  eden space 300544K, 6% used [0x000000076b580000,0x000000076c835120,0x000000077db00000)
  from space 60416K, 0% used [0x000000077db00000,0x000000077db70000,0x0000000781600000)
  to   space 60416K, 0% used [0x0000000781600000,0x0000000781600000,0x0000000785100000)
 ParOldGen       total 304640K, used 163835K [0x00000006c2000000, 0x00000006d4980000, 0x000000076b580000)
  object space 304640K, 53% used [0x00000006c2000000,0x00000006cbffee40,0x00000006d4980000)
 Metaspace       used 31744K, capacity 33656K, committed 33920K, reserved 1079296K
  class space    used 4311K, capacity 4641K, committed 4736K, reserved 1048576K
GC Heap History (10 events):
Event: 30.064 GC heap after
Heap after GC invocations=18 (full 2):
 PSYoungGen      total 317952K, used 672K [0x000000076b580000, 0x0000000787300000, 0x00000007c0000000)
  eden space 237568K, 0% used [0x000000076b580000,0x000000076b580000,0x0000000779d80000)
  from space 80384K, 0% used [0x000000077e480000,0x000000077e528000,0x0000000783300000)
  to   space 72704K, 0% used [0x0000000779d80000,0x0000000779d80000,0x000000077e480000)
 ParOldGen       total 304640K, used 162963K [0x00000006c2000000, 0x00000006d4980000, 0x000000076b580000)
  object space 304640K, 53% used [0x00000006c2000000,0x00000006cbf24e38,0x00000006d4980000)
 Metaspace       used 31674K, capacity 33592K, committed 33920K, reserved 1079296K
  class space    used 4311K, capacity 4641K, committed 4736K, reserved 1048576K
}
Event: 30.235 GC heap before
{Heap before GC invocations=19 (full 2):
 PSYoungGen      total 317952K, used 238240K [0x000000076b580000, 0x0000000787300000, 0x00000007c0000000)
  eden space 237568K, 100% used [0x000000076b580000,0x0000000779d80000,0x0000000779d80000)
  from space 80384K, 0% used [0x000000077e480000,0x000000077e528000,0x0000000783300000)
  to   space 72704K, 0% used [0x0000000779d80000,0x0000000779d80000,0x000000077e480000)
 ParOldGen       total 304640K, used 162963K [0x00000006c2000000, 0x00000006d4980000, 0x000000076b580000)
  object space 304640K, 53% used [0x00000006c2000000,0x00000006cbf24e38,0x00000006d4980000)
 Metaspace       used 31674K, capacity 33592K, committed 33920K, reserved 1079296K
  class space    used 4311K, capacity 4641K, committed 4736K, reserved 1048576K
Event: 30.237 GC heap after
Heap after GC invocations=19 (full 2):
 PSYoungGen      total 310272K, used 32K [0x000000076b580000, 0x0000000785a00000, 0x00000007c0000000)
  eden space 237568K, 0% used [0x000000076b580000,0x000000076b580000,0x0000000779d80000)
  from space 72704K, 0% used [0x0000000779d80000,0x0000000779d88000,0x000000077e480000)
  to   space 69632K, 0% used [0x0000000781600000,0x0000000781600000,0x0000000785a00000)
 ParOldGen       total 304640K, used 163528K [0x00000006c2000000, 0x00000006d4980000, 0x000000076b580000)
  object space 304640K, 53% used [0x00000006c2000000,0x00000006cbfb2190,0x00000006d4980000)
 Metaspace       used 31674K, capacity 33592K, committed 33920K, reserved 1079296K
  class space    used 4311K, capacity 4641K, committed 4736K, reserved 1048576K
}
Event: 30.496 GC heap before
{Heap before GC invocations=20 (full 2):
 PSYoungGen      total 310272K, used 237600K [0x000000076b580000, 0x0000000785a00000, 0x00000007c0000000)
  eden space 237568K, 100% used [0x000000076b580000,0x0000000779d80000,0x0000000779d80000)
  from space 72704K, 0% used [0x0000000779d80000,0x0000000779d88000,0x000000077e480000)
  to   space 69632K, 0% used [0x0000000781600000,0x0000000781600000,0x0000000785a00000)
 ParOldGen       total 304640K, used 163528K [0x00000006c2000000, 0x00000006d4980000, 0x000000076b580000)
  object space 304640K, 53% used [0x00000006c2000000,0x00000006cbfb2190,0x00000006d4980000)
 Metaspace       used 31697K, capacity 33592K, committed 33920K, reserved 1079296K
  class space    used 4311K, capacity 4641K, committed 4736K, reserved 1048576K
Event: 30.498 GC heap after
Heap after GC invocations=20 (full 2):
 PSYoungGen      total 347648K, used 96K [0x000000076b580000, 0x0000000785100000, 0x00000007c0000000)
  eden space 287232K, 0% used [0x000000076b580000,0x000000076b580000,0x000000077ce00000)
  from space 60416K, 0% used [0x0000000781600000,0x0000000781618000,0x0000000785100000)
  to   space 67072K, 0% used [0x000000077ce00000,0x000000077ce00000,0x0000000780f80000)
 ParOldGen       total 304640K, used 163528K [0x00000006c2000000, 0x00000006d4980000, 0x000000076b580000)
  object space 304640K, 53% used [0x00000006c2000000,0x00000006cbfb2190,0x00000006d4980000)
 Metaspace       used 31697K, capacity 33592K, committed 33920K, reserved 1079296K
  class space    used 4311K, capacity 4641K, committed 4736K, reserved 1048576K
}
Event: 30.853 GC heap before
{Heap before GC invocations=21 (full 2):
 PSYoungGen      total 347648K, used 287328K [0x000000076b580000, 0x0000000785100000, 0x00000007c0000000)
  eden space 287232K, 100% used [0x000000076b580000,0x000000077ce00000,0x000000077ce00000)
  from space 60416K, 0% used [0x0000000781600000,0x0000000781618000,0x0000000785100000)
  to   space 67072K, 0% used [0x000000077ce00000,0x000000077ce00000,0x0000000780f80000)
 ParOldGen       total 304640K, used 163528K [0x00000006c2000000, 0x00000006d4980000, 0x000000076b580000)
  object space 304640K, 53% used [0x00000006c2000000,0x00000006cbfb2290,0x00000006d4980000)
 Metaspace       used 31743K, capacity 33656K, committed 33920K, reserved 1079296K
  class space    used 4311K, capacity 4641K, committed 4736K, reserved 1048576K
Event: 30.855 GC heap after
Heap after GC invocations=21 (full 2):
 PSYoungGen      total 354304K, used 384K [0x000000076b580000, 0x0000000785100000, 0x00000007c0000000)
  eden space 287232K, 0% used [0x000000076b580000,0x000000076b580000,0x000000077ce00000)
  from space 67072K, 0% used [0x000000077ce00000,0x000000077ce60000,0x0000000780f80000)
  to   space 60416K, 0% used [0x0000000781600000,0x0000000781600000,0x0000000785100000)
 ParOldGen       total 304640K, used 163552K [0x00000006c2000000, 0x00000006d4980000, 0x000000076b580000)
  object space 304640K, 53% used [0x00000006c2000000,0x00000006cbfb8290,0x00000006d4980000)
 Metaspace       used 31743K, capacity 33656K, committed 33920K, reserved 1079296K
  class space    used 4311K, capacity 4641K, committed 4736K, reserved 1048576K
}
Event: 31.064 GC heap before
{Heap before GC invocations=22 (full 2):
 PSYoungGen      total 354304K, used 287616K [0x000000076b580000, 0x0000000785100000, 0x00000007c0000000)
  eden space 287232K, 100% used [0x000000076b580000,0x000000077ce00000,0x000000077ce00000)
  from space 67072K, 0% used [0x000000077ce00000,0x000000077ce60000,0x0000000780f80000)
  to   space 60416K, 0% used [0x0000000781600000,0x0000000781600000,0x0000000785100000)
 ParOldGen       total 304640K, used 163563K [0x00000006c2000000, 0x00000006d4980000, 0x000000076b580000)
  object space 304640K, 53% used [0x00000006c2000000,0x00000006cbfbae40,0x00000006d4980000)
 Metaspace       used 31744K, capacity 33656K, committed 33920K, reserved 1079296K
  class space    used 4311K, capacity 4641K, committed 4736K, reserved 1048576K
Event: 31.066 GC heap after
Heap after GC invocations=22 (full 2):
 PSYoungGen      total 360960K, used 384K [0x000000076b580000, 0x0000000787980000, 0x00000007c0000000)
  eden space 300544K, 0% used [0x000000076b580000,0x000000076b580000,0x000000077db00000)
  from space 60416K, 0% used [0x0000000781600000,0x0000000781660000,0x0000000785100000)
  to   space 60416K, 0% used [0x000000077db00000,0x000000077db00000,0x0000000781600000)
 ParOldGen       total 304640K, used 163835K [0x00000006c2000000, 0x00000006d4980000, 0x000000076b580000)
  object space 304640K, 53% used [0x00000006c2000000,0x00000006cbffee40,0x00000006d4980000)
 Metaspace       used 31744K, capacity 33656K, committed 33920K, reserved 1079296K
  class space    used 4311K, capacity 4641K, committed 4736K, reserved 1048576K
}
Event: 31.250 GC heap before
{Heap before GC invocations=23 (full 2):
 PSYoungGen      total 360960K, used 300928K [0x000000076b580000, 0x0000000787980000, 0x00000007c0000000)
  eden space 300544K, 100% used [0x000000076b580000,0x000000077db00000,0x000000077db00000)
  from space 60416K, 0% used [0x0000000781600000,0x0000000781660000,0x0000000785100000)
  to   space 60416K, 0% used [0x000000077db00000,0x000000077db00000,0x0000000781600000)
 ParOldGen       total 304640K, used 163835K [0x00000006c2000000, 0x00000006d4980000, 0x000000076b580000)
  object space 304640K, 53% used [0x00000006c2000000,0x00000006cbffee40,0x00000006d4980000)
 Metaspace       used 31744K, capacity 33656K, committed 33920K, reserved 1079296K
  class space    used 4311K, capacity 4641K, committed 4736K, reserved 1048576K

