# JRE version: Java(TM) SE Runtime Environment (8.0_201-b09) (build 1.8.0_201-b09)
# Java VM: Java HotSpot(TM) 64-Bit Server VM (25.201-b09 mixed mode windows-amd64 compressed oops)
Heap:
 PSYoungGen      total 436224K, used 147690K [0x000000076b580000, 0x0000000788080000, 0x00000007c0000000)
  eden space 402432K, 36% used [0x000000076b580000,0x000000077449a850,0x0000000783e80000)
  from space 33792K, 3% used [0x0000000783e80000,0x0000000783fa0030,0x0000000785f80000)
  to   space 33792K, 0% used [0x0000000785f80000,0x0000000785f80000,0x0000000788080000)
 ParOldGen       total 273408K, used 100615K [0x00000006c2000000, 0x00000006d2b00000, 0x000000076b580000)
  object space 273408K, 36% used [0x00000006c2000000,0x00000006c8241dd0,0x00000006d2b00000)
 Metaspace       used 32134K, capacity 34042K, committed 34176K, reserved 1079296K
  class space    used 4315K, capacity 4644K, committed 4736K, reserved 1048576K
GC Heap History (10 events):
Event: 85.516 GC heap before
{Heap before GC invocations=21 (full 2):
 PSYoungGen      total 384512K, used 348640K [0x000000076b580000, 0x0000000785a80000, 0x00000007c0000000)
  eden space 348160K, 100% used [0x000000076b580000,0x0000000780980000,0x0000000780980000)
  from space 36352K, 1% used [0x0000000783700000,0x0000000783778000,0x0000000785a80000)
  to   space 41472K, 0% used [0x0000000780980000,0x0000000780980000,0x0000000783200000)
 ParOldGen       total 273408K, used 100571K [0x00000006c2000000, 0x00000006d2b00000, 0x000000076b580000)
  object space 273408K, 36% used [0x00000006c2000000,0x00000006c8236e70,0x00000006d2b00000)
 Metaspace       used 31970K, capacity 33888K, committed 34176K, reserved 1079296K
  class space    used 4291K, capacity 4637K, committed 4736K, reserved 1048576K
Event: 85.519 GC heap after
Heap after GC invocations=21 (full 2):
 PSYoungGen      total 389632K, used 1024K [0x000000076b580000, 0x0000000787480000, 0x00000007c0000000)
  eden space 348160K, 0% used [0x000000076b580000,0x000000076b580000,0x0000000780980000)
  from space 41472K, 2% used [0x0000000780980000,0x0000000780a80000,0x0000000783200000)
  to   space 39424K, 0% used [0x0000000784e00000,0x0000000784e00000,0x0000000787480000)
 ParOldGen       total 273408K, used 100579K [0x00000006c2000000, 0x00000006d2b00000, 0x000000076b580000)
  object space 273408K, 36% used [0x00000006c2000000,0x00000006c8238e70,0x00000006d2b00000)
 Metaspace       used 31970K, capacity 33888K, committed 34176K, reserved 1079296K
  class space    used 4291K, capacity 4637K, committed 4736K, reserved 1048576K
}
Event: 87.555 GC heap before
{Heap before GC invocations=22 (full 2):
 PSYoungGen      total 389632K, used 349184K [0x000000076b580000, 0x0000000787480000, 0x00000007c0000000)
  eden space 348160K, 100% used [0x000000076b580000,0x0000000780980000,0x0000000780980000)
  from space 41472K, 2% used [0x0000000780980000,0x0000000780a80000,0x0000000783200000)
  to   space 39424K, 0% used [0x0000000784e00000,0x0000000784e00000,0x0000000787480000)
 ParOldGen       total 273408K, used 100579K [0x00000006c2000000, 0x00000006d2b00000, 0x000000076b580000)
  object space 273408K, 36% used [0x00000006c2000000,0x00000006c8238e70,0x00000006d2b00000)
 Metaspace       used 32061K, capacity 33958K, committed 34176K, reserved 1079296K
  class space    used 4310K, capacity 4638K, committed 4736K, reserved 1048576K
Event: 87.556 GC heap after
Heap after GC invocations=22 (full 2):
 PSYoungGen      total 403968K, used 768K [0x000000076b580000, 0x0000000786b80000, 0x00000007c0000000)
  eden space 373760K, 0% used [0x000000076b580000,0x000000076b580000,0x0000000782280000)
  from space 30208K, 2% used [0x0000000784e00000,0x0000000784ec0000,0x0000000786b80000)
  to   space 37376K, 0% used [0x0000000782280000,0x0000000782280000,0x0000000784700000)
 ParOldGen       total 273408K, used 100587K [0x00000006c2000000, 0x00000006d2b00000, 0x000000076b580000)
  object space 273408K, 36% used [0x00000006c2000000,0x00000006c823ae70,0x00000006d2b00000)
 Metaspace       used 32061K, capacity 33958K, committed 34176K, reserved 1079296K
  class space    used 4310K, capacity 4638K, committed 4736K, reserved 1048576K
}
Event: 88.039 GC heap before
{Heap before GC invocations=23 (full 2):
 PSYoungGen      total 403968K, used 374528K [0x000000076b580000, 0x0000000786b80000, 0x00000007c0000000)
  eden space 373760K, 100% used [0x000000076b580000,0x0000000782280000,0x0000000782280000)
  from space 30208K, 2% used [0x0000000784e00000,0x0000000784ec0000,0x0000000786b80000)
  to   space 37376K, 0% used [0x0000000782280000,0x0000000782280000,0x0000000784700000)
 ParOldGen       total 273408K, used 100604K [0x00000006c2000000, 0x00000006d2b00000, 0x000000076b580000)
  object space 273408K, 36% used [0x00000006c2000000,0x00000006c823f370,0x00000006d2b00000)
 Metaspace       used 32061K, capacity 33958K, committed 34176K, reserved 1079296K
  class space    used 4310K, capacity 4638K, committed 4736K, reserved 1048576K
Event: 88.041 GC heap after
Heap after GC invocations=23 (full 2):
 PSYoungGen      total 411136K, used 768K [0x000000076b580000, 0x0000000788200000, 0x00000007c0000000)
  eden space 373760K, 0% used [0x000000076b580000,0x000000076b580000,0x0000000782280000)
  from space 37376K, 2% used [0x0000000782280000,0x0000000782340000,0x0000000784700000)
  to   space 35328K, 0% used [0x0000000785f80000,0x0000000785f80000,0x0000000788200000)
 ParOldGen       total 273408K, used 100604K [0x00000006c2000000, 0x00000006d2b00000, 0x000000076b580000)
  object space 273408K, 36% used [0x00000006c2000000,0x00000006c823f370,0x00000006d2b00000)
 Metaspace       used 32061K, capacity 33958K, committed 34176K, reserved 1079296K
  class space    used 4310K, capacity 4638K, committed 4736K, reserved 1048576K
}
Event: 88.490 GC heap before
{Heap before GC invocations=24 (full 2):
 PSYoungGen      total 411136K, used 374528K [0x000000076b580000, 0x0000000788200000, 0x00000007c0000000)
  eden space 373760K, 100% used [0x000000076b580000,0x0000000782280000,0x0000000782280000)
  from space 37376K, 2% used [0x0000000782280000,0x0000000782340000,0x0000000784700000)
  to   space 35328K, 0% used [0x0000000785f80000,0x0000000785f80000,0x0000000788200000)
 ParOldGen       total 273408K, used 100615K [0x00000006c2000000, 0x00000006d2b00000, 0x000000076b580000)
  object space 273408K, 36% used [0x00000006c2000000,0x00000006c8241dd0,0x00000006d2b00000)
 Metaspace       used 32082K, capacity 33958K, committed 34176K, reserved 1079296K
  class space    used 4310K, capacity 4638K, committed 4736K, reserved 1048576K
Event: 88.492 GC heap after
Heap after GC invocations=24 (full 2):
 PSYoungGen      total 436224K, used 736K [0x000000076b580000, 0x0000000788080000, 0x00000007c0000000)
  eden space 402432K, 0% used [0x000000076b580000,0x000000076b580000,0x0000000783e80000)
  from space 33792K, 2% used [0x0000000785f80000,0x0000000786038000,0x0000000788080000)
  to   space 33792K, 0% used [0x0000000783e80000,0x0000000783e80000,0x0000000785f80000)
 ParOldGen       total 273408K, used 100615K [0x00000006c2000000, 0x00000006d2b00000, 0x000000076b580000)
  object space 273408K, 36% used [0x00000006c2000000,0x00000006c8241dd0,0x00000006d2b00000)
 Metaspace       used 32082K, capacity 33958K, committed 34176K, reserved 1079296K
  class space    used 4310K, capacity 4638K, committed 4736K, reserved 1048576K
}
Event: 88.899 GC heap before
{Heap before GC invocations=25 (full 2):
 PSYoungGen      total 436224K, used 403168K [0x000000076b580000, 0x0000000788080000, 0x00000007c0000000)
  eden space 402432K, 100% used [0x000000076b580000,0x0000000783e80000,0x0000000783e80000)
  from space 33792K, 2% used [0x0000000785f80000,0x0000000786038000,0x0000000788080000)
  to   space 33792K, 0% used [0x0000000783e80000,0x0000000783e80000,0x0000000785f80000)
 ParOldGen       total 273408K, used 100615K [0x00000006c2000000, 0x00000006d2b00000, 0x000000076b580000)
  object space 273408K, 36% used [0x00000006c2000000,0x00000006c8241dd0,0x00000006d2b00000)
 Metaspace       used 32130K, capacity 34042K, committed 34176K, reserved 1079296K
  class space    used 4315K, capacity 4644K, committed 4736K, reserved 1048576K
Event: 88.904 GC heap after
Heap after GC invocations=25 (full 2):
 PSYoungGen      total 436224K, used 1152K [0x000000076b580000, 0x0000000788080000, 0x00000007c0000000)
  eden space 402432K, 0% used [0x000000076b580000,0x000000076b580000,0x0000000783e80000)
  from space 33792K, 3% used [0x0000000783e80000,0x0000000783fa0030,0x0000000785f80000)
  to   space 33792K, 0% used [0x0000000785f80000,0x0000000785f80000,0x0000000788080000)
 ParOldGen       total 273408K, used 100615K [0x00000006c2000000, 0x00000006d2b00000, 0x000000076b580000)
  object space 273408K, 36% used [0x00000006c2000000,0x00000006c8241dd0,0x00000006d2b00000)
 Metaspace       used 32130K, capacity 34042K, committed 34176K, reserved 1079296K
  class space    used 4315K, capacity 4644K, committed 4736K, reserved 1048576K
}

