# JRE version: Java(TM) SE Runtime Environment (8.0_201-b09) (build 1.8.0_201-b09)
# Java VM: Java HotSpot(TM) 64-Bit Server VM (25.201-b09 mixed mode windows-amd64 compressed oops)
Heap:
 PSYoungGen      total 228352K, used 101056K [0x000000076b580000, 0x000000077fc00000, 0x00000007c0000000)
  eden space 183808K, 54% used [0x000000076b580000,0x00000007717e0030,0x0000000776900000)
  from space 44544K, 0% used [0x0000000776900000,0x0000000776950000,0x0000000779480000)
  to   space 45568K, 0% used [0x000000077cf80000,0x000000077cf80000,0x000000077fc00000)
 ParOldGen       total 115200K, used 87645K [0x00000006c2000000, 0x00000006c9080000, 0x000000076b580000)
  object space 115200K, 76% used [0x00000006c2000000,0x00000006c7597558,0x00000006c9080000)
 Metaspace       used 31988K, capacity 33918K, committed 34176K, reserved 1079296K
  class space    used 4301K, capacity 4646K, committed 4736K, reserved 1048576K
GC Heap History (10 events):
Event: 62.614 GC heap before
{Heap before GC invocations=10 (full 1):
 PSYoungGen      total 160768K, used 160067K [0x000000076b580000, 0x0000000777f80000, 0x00000007c0000000)
  eden space 134144K, 100% used [0x000000076b580000,0x0000000773880000,0x0000000773880000)
  from space 26624K, 97% used [0x0000000775a80000,0x00000007773d0e80,0x0000000777480000)
  to   space 34816K, 0% used [0x0000000773880000,0x0000000773880000,0x0000000775a80000)
 ParOldGen       total 115200K, used 61761K [0x00000006c2000000, 0x00000006c9080000, 0x000000076b580000)
  object space 115200K, 53% used [0x00000006c2000000,0x00000006c5c50578,0x00000006c9080000)
 Metaspace       used 31855K, capacity 33790K, committed 33920K, reserved 1079296K
  class space    used 4301K, capacity 4646K, committed 4736K, reserved 1048576K
Event: 62.629 GC heap after
Heap after GC invocations=10 (full 1):
 PSYoungGen      total 168960K, used 19330K [0x000000076b580000, 0x000000077be80000, 0x00000007c0000000)
  eden space 134144K, 0% used [0x000000076b580000,0x000000076b580000,0x0000000773880000)
  from space 34816K, 55% used [0x0000000773880000,0x0000000774b60b80,0x0000000775a80000)
  to   space 43008K, 0% used [0x0000000779480000,0x0000000779480000,0x000000077be80000)
 ParOldGen       total 115200K, used 68551K [0x00000006c2000000, 0x00000006c9080000, 0x000000076b580000)
  object space 115200K, 59% used [0x00000006c2000000,0x00000006c62f1d30,0x00000006c9080000)
 Metaspace       used 31855K, capacity 33790K, committed 33920K, reserved 1079296K
  class space    used 4301K, capacity 4646K, committed 4736K, reserved 1048576K
}
Event: 62.846 GC heap before
{Heap before GC invocations=11 (full 1):
 PSYoungGen      total 168960K, used 153474K [0x000000076b580000, 0x000000077be80000, 0x00000007c0000000)
  eden space 134144K, 100% used [0x000000076b580000,0x0000000773880000,0x0000000773880000)
  from space 34816K, 55% used [0x0000000773880000,0x0000000774b60b80,0x0000000775a80000)
  to   space 43008K, 0% used [0x0000000779480000,0x0000000779480000,0x000000077be80000)
 ParOldGen       total 115200K, used 68562K [0x00000006c2000000, 0x00000006c9080000, 0x000000076b580000)
  object space 115200K, 59% used [0x00000006c2000000,0x00000006c62f49d8,0x00000006c9080000)
 Metaspace       used 31856K, capacity 33790K, committed 33920K, reserved 1079296K
  class space    used 4301K, capacity 4646K, committed 4736K, reserved 1048576K
Event: 62.854 GC heap after
Heap after GC invocations=11 (full 1):
 PSYoungGen      total 226816K, used 448K [0x000000076b580000, 0x000000077c700000, 0x00000007c0000000)
  eden space 183808K, 0% used [0x000000076b580000,0x000000076b580000,0x0000000776900000)
  from space 43008K, 1% used [0x0000000779480000,0x00000007794f0000,0x000000077be80000)
  to   space 44544K, 0% used [0x0000000776900000,0x0000000776900000,0x0000000779480000)
 ParOldGen       total 115200K, used 87445K [0x00000006c2000000, 0x00000006c9080000, 0x000000076b580000)
  object space 115200K, 75% used [0x00000006c2000000,0x00000006c7565558,0x00000006c9080000)
 Metaspace       used 31856K, capacity 33790K, committed 33920K, reserved 1079296K
  class space    used 4301K, capacity 4646K, committed 4736K, reserved 1048576K
}
Event: 63.324 GC heap before
{Heap before GC invocations=12 (full 1):
 PSYoungGen      total 226816K, used 184256K [0x000000076b580000, 0x000000077c700000, 0x00000007c0000000)
  eden space 183808K, 100% used [0x000000076b580000,0x0000000776900000,0x0000000776900000)
  from space 43008K, 1% used [0x0000000779480000,0x00000007794f0000,0x000000077be80000)
  to   space 44544K, 0% used [0x0000000776900000,0x0000000776900000,0x0000000779480000)
 ParOldGen       total 115200K, used 87445K [0x00000006c2000000, 0x00000006c9080000, 0x000000076b580000)
  object space 115200K, 75% used [0x00000006c2000000,0x00000006c7565558,0x00000006c9080000)
 Metaspace       used 31900K, capacity 33790K, committed 33920K, reserved 1079296K
  class space    used 4301K, capacity 4646K, committed 4736K, reserved 1048576K
Event: 63.326 GC heap after
Heap after GC invocations=12 (full 1):
 PSYoungGen      total 228352K, used 320K [0x000000076b580000, 0x000000077c700000, 0x00000007c0000000)
  eden space 183808K, 0% used [0x000000076b580000,0x000000076b580000,0x0000000776900000)
  from space 44544K, 0% used [0x0000000776900000,0x0000000776950000,0x0000000779480000)
  to   space 43008K, 0% used [0x0000000779480000,0x0000000779480000,0x000000077be80000)
 ParOldGen       total 115200K, used 87589K [0x00000006c2000000, 0x00000006c9080000, 0x000000076b580000)
  object space 115200K, 76% used [0x00000006c2000000,0x00000006c7589558,0x00000006c9080000)
 Metaspace       used 31900K, capacity 33790K, committed 33920K, reserved 1079296K
  class space    used 4301K, capacity 4646K, committed 4736K, reserved 1048576K
}
Event: 64.847 GC heap before
{Heap before GC invocations=13 (full 1):
 PSYoungGen      total 228352K, used 184128K [0x000000076b580000, 0x000000077c700000, 0x00000007c0000000)
  eden space 183808K, 100% used [0x000000076b580000,0x0000000776900000,0x0000000776900000)
  from space 44544K, 0% used [0x0000000776900000,0x0000000776950000,0x0000000779480000)
  to   space 43008K, 0% used [0x0000000779480000,0x0000000779480000,0x000000077be80000)
 ParOldGen       total 115200K, used 87589K [0x00000006c2000000, 0x00000006c9080000, 0x000000076b580000)
  object space 115200K, 76% used [0x00000006c2000000,0x00000006c7589558,0x00000006c9080000)
 Metaspace       used 31952K, capacity 33854K, committed 34176K, reserved 1079296K
  class space    used 4301K, capacity 4646K, committed 4736K, reserved 1048576K
Event: 64.849 GC heap after
Heap after GC invocations=13 (full 1):
 PSYoungGen      total 226816K, used 320K [0x000000076b580000, 0x000000077c700000, 0x00000007c0000000)
  eden space 183808K, 0% used [0x000000076b580000,0x000000076b580000,0x0000000776900000)
  from space 43008K, 0% used [0x0000000779480000,0x00000007794d0000,0x000000077be80000)
  to   space 44544K, 0% used [0x0000000776900000,0x0000000776900000,0x0000000779480000)
 ParOldGen       total 115200K, used 87605K [0x00000006c2000000, 0x00000006c9080000, 0x000000076b580000)
  object space 115200K, 76% used [0x00000006c2000000,0x00000006c758d558,0x00000006c9080000)
 Metaspace       used 31952K, capacity 33854K, committed 34176K, reserved 1079296K
  class space    used 4301K, capacity 4646K, committed 4736K, reserved 1048576K
}
Event: 65.464 GC heap before
{Heap before GC invocations=14 (full 1):
 PSYoungGen      total 226816K, used 184128K [0x000000076b580000, 0x000000077c700000, 0x00000007c0000000)
  eden space 183808K, 100% used [0x000000076b580000,0x0000000776900000,0x0000000776900000)
  from space 43008K, 0% used [0x0000000779480000,0x00000007794d0000,0x000000077be80000)
  to   space 44544K, 0% used [0x0000000776900000,0x0000000776900000,0x0000000779480000)
 ParOldGen       total 115200K, used 87605K [0x00000006c2000000, 0x00000006c9080000, 0x000000076b580000)
  object space 115200K, 76% used [0x00000006c2000000,0x00000006c758d558,0x00000006c9080000)
 Metaspace       used 31973K, capacity 33854K, committed 34176K, reserved 1079296K
  class space    used 4301K, capacity 4646K, committed 4736K, reserved 1048576K
Event: 65.466 GC heap after
Heap after GC invocations=14 (full 1):
 PSYoungGen      total 228352K, used 320K [0x000000076b580000, 0x000000077fc00000, 0x00000007c0000000)
  eden space 183808K, 0% used [0x000000076b580000,0x000000076b580000,0x0000000776900000)
  from space 44544K, 0% used [0x0000000776900000,0x0000000776950000,0x0000000779480000)
  to   space 45568K, 0% used [0x000000077cf80000,0x000000077cf80000,0x000000077fc00000)
 ParOldGen       total 115200K, used 87645K [0x00000006c2000000, 0x00000006c9080000, 0x000000076b580000)
  object space 115200K, 76% used [0x00000006c2000000,0x00000006c7597558,0x00000006c9080000)
 Metaspace       used 31973K, capacity 33854K, committed 34176K, reserved 1079296K
  class space    used 4301K, capacity 4646K, committed 4736K, reserved 1048576K
}

